<?xml version="1.0" encoding="UTF-8"?>
<testsuite name="iloveyouboss.ScoreCollectionTest" tests="1" skipped="0" failures="0" errors="0" timestamp="2022-07-13T03:54:57" hostname="Seyeongs-MacBook-Air.local" time="0.026">
  <properties/>
  <testcase name="test()" classname="iloveyouboss.ScoreCollectionTest" time="0.026"/>
  <system-out><![CDATA[]]></system-out>
  <system-err><![CDATA[]]></system-err>
</testsuite>
